<?xml version="1.0" encoding="utf-8"?><testsuites><testsuite name="pytest" errors="0" failures="0" skipped="0" tests="25" time="113.183" timestamp="2024-10-30T11:43:42.454266+01:00" hostname="AZURE-7XJFVV3"><testcase classname="funcTest" name="test_upload_invalid_file_type" time="0.002" /><testcase classname="funcTest" name="test_upload_empty_file" time="0.001" /><testcase classname="funcTest" name="test_upload_malformed_request" time="0.001" /><testcase classname="funcTest" name="test_file_retention_policy_with_deletion" time="22.872" /><testcase classname="funcTest" name="test_excel_creation" time="16.361" /><testcase classname="funcTest" name="test_rules_evaluation" time="0.008" /><testcase classname="funcTest" name="test_email_rejected_without_lilly_com" time="0.002" /><testcase classname="funcTest" name="test_check_all_rules_in_report" time="0.002" /><testcase classname="funcTest" name="test_validate_report_structure" time="0.001" /><testcase classname="funcTest" name="test_tone_difference_rule" time="9.424" /><testcase classname="funcTest" name="test_rule_18_email_time_delivery" time="8.087" /><testcase classname="funcTest" name="test_rule_11_name_discrepancies" time="9.011" /><testcase classname="funcTest" name="test_rule_8_spelling_grammar_errors" time="2.559" /><testcase classname="funcTest" name="test_rule_urgency_signals" time="9.972" /><testcase classname="funcTest" name="test_rule_formality_level" time="8.250" /><testcase classname="funcTest" name="test_rule_signature_consistency" time="9.620" /><testcase classname="funcTest" name="test_rule_dkim_dmarc_spf" time="7.990" /><testcase classname="funcTest" name="test_rule_names" time="0.817" /><testcase classname="funcTest" name="test_rule_ratio" time="0.764" /><testcase classname="funcTest" name="test_severity_entries" time="0.769" /><testcase classname="funcTest" name="test_explanation_entries" time="0.713" /><testcase classname="funcTest" name="test_reference_entries" time="0.716" /><testcase classname="funcTest" name="test_category_entries" time="0.818" /><testcase classname="funcTest" name="test_summary_entries" time="1.099" /><testcase classname="funcTest" name="test_email_summary_entries" time="0.959" /></testsuite></testsuites>